2020-05-07 15:09:14,522 - freqtrade.loggers - INFO - Verbosity set to 0
2020-05-07 15:09:14,523 - freqtrade.configuration.configuration - INFO - Runmode set to dry_run.
2020-05-07 15:09:14,523 - freqtrade.configuration.configuration - INFO - Parameter --db-url detected ...
2020-05-07 15:09:14,523 - freqtrade.configuration.configuration - INFO - Dry run is enabled
2020-05-07 15:09:14,523 - freqtrade.configuration.configuration - INFO - Using DB: "sqlite:////freqtrade/user_data/tradesv3.sqlite"
2020-05-07 15:09:14,523 - freqtrade.configuration.configuration - INFO - Using max_open_trades: 3 ...
2020-05-07 15:09:14,524 - freqtrade.configuration.configuration - INFO - Using user-data directory: /freqtrade/user_data ...
2020-05-07 15:09:14,525 - freqtrade.configuration.configuration - INFO - Using data directory: /freqtrade/user_data/data/binance ...
2020-05-07 15:09:14,526 - freqtrade.configuration.check_exchange - INFO - Checking exchange...
2020-05-07 15:09:14,526 - freqtrade.configuration.check_exchange - INFO - Exchange "binance" is officially supported by the Freqtrade development team.
2020-05-07 15:09:14,526 - freqtrade.configuration.configuration - INFO - Using pairlist from configuration.
2020-05-07 15:09:14,526 - freqtrade.freqtradebot - INFO - Starting freqtrade 2020.4
2020-05-07 15:09:14,740 - freqtrade.resolvers.iresolver - INFO - Using resolved strategy CombinedBinHAndCluc from '/freqtrade/user_data/strategies/CombinedBinHAndCluc.py'...
2020-05-07 15:09:14,741 - freqtrade.resolvers.strategy_resolver - INFO - Override strategy 'ticker_interval' with value in config file: 5m.
2020-05-07 15:09:14,741 - freqtrade.resolvers.strategy_resolver - INFO - Override strategy 'stake_currency' with value in config file: BTC.
2020-05-07 15:09:14,741 - freqtrade.resolvers.strategy_resolver - INFO - Override strategy 'stake_amount' with value in config file: 0.16.
2020-05-07 15:09:14,741 - freqtrade.resolvers.strategy_resolver - INFO - Override strategy 'unfilledtimeout' with value in config file: {'buy': 10, 'sell': 30}.
2020-05-07 15:09:14,741 - freqtrade.resolvers.strategy_resolver - INFO - Override strategy 'use_sell_signal' with value in config file: True.
2020-05-07 15:09:14,741 - freqtrade.resolvers.strategy_resolver - INFO - Override strategy 'sell_profit_only' with value in config file: False.
2020-05-07 15:09:14,742 - freqtrade.resolvers.strategy_resolver - INFO - Override strategy 'ignore_roi_if_buy_signal' with value in config file: False.
2020-05-07 15:09:14,742 - freqtrade.resolvers.strategy_resolver - INFO - Strategy using minimal_roi: {'0': 0.05}
2020-05-07 15:09:14,742 - freqtrade.resolvers.strategy_resolver - INFO - Strategy using ticker_interval: 5m
2020-05-07 15:09:14,742 - freqtrade.resolvers.strategy_resolver - INFO - Strategy using stoploss: -0.05
2020-05-07 15:09:14,746 - freqtrade.resolvers.strategy_resolver - INFO - Strategy using trailing_stop: False
2020-05-07 15:09:14,746 - freqtrade.resolvers.strategy_resolver - INFO - Strategy using trailing_stop_positive_offset: 0.0
2020-05-07 15:09:14,747 - freqtrade.resolvers.strategy_resolver - INFO - Strategy using trailing_only_offset_is_reached: False
2020-05-07 15:09:14,747 - freqtrade.resolvers.strategy_resolver - INFO - Strategy using process_only_new_candles: False
2020-05-07 15:09:14,747 - freqtrade.resolvers.strategy_resolver - INFO - Strategy using order_types: {'buy': 'limit', 'sell': 'limit', 'stoploss': 'limit', 'stoploss_on_exchange': False, 'stoploss_on_exchange_interval': 60}
2020-05-07 15:09:14,747 - freqtrade.resolvers.strategy_resolver - INFO - Strategy using order_time_in_force: {'buy': 'gtc', 'sell': 'gtc'}
2020-05-07 15:09:14,747 - freqtrade.resolvers.strategy_resolver - INFO - Strategy using stake_currency: BTC
2020-05-07 15:09:14,747 - freqtrade.resolvers.strategy_resolver - INFO - Strategy using stake_amount: 0.16
2020-05-07 15:09:14,747 - freqtrade.resolvers.strategy_resolver - INFO - Strategy using startup_candle_count: 0
2020-05-07 15:09:14,748 - freqtrade.resolvers.strategy_resolver - INFO - Strategy using unfilledtimeout: {'buy': 10, 'sell': 30}
2020-05-07 15:09:14,748 - freqtrade.resolvers.strategy_resolver - INFO - Strategy using use_sell_signal: True
2020-05-07 15:09:14,748 - freqtrade.resolvers.strategy_resolver - INFO - Strategy using sell_profit_only: False
2020-05-07 15:09:14,748 - freqtrade.resolvers.strategy_resolver - INFO - Strategy using ignore_roi_if_buy_signal: False
2020-05-07 15:09:14,748 - freqtrade.configuration.config_validation - INFO - Validating configuration ...
2020-05-07 15:09:14,753 - freqtrade.exchange.exchange - INFO - Instance is running with dry_run enabled
2020-05-07 15:09:14,753 - freqtrade.exchange.exchange - INFO - Applying additional ccxt config: {'enableRateLimit': True}
2020-05-07 15:09:14,765 - freqtrade.exchange.exchange - INFO - Applying additional ccxt config: {'enableRateLimit': True, 'rateLimit': 200}
2020-05-07 15:09:14,782 - freqtrade.exchange.exchange - INFO - Using Exchange "Binance"
2020-05-07 15:09:16,525 - freqtrade.resolvers.exchange_resolver - INFO - Using resolved exchange 'Binance'...
2020-05-07 15:09:16,661 - freqtrade.wallets - INFO - Wallets synced.
2020-05-07 15:09:16,692 - freqtrade.resolvers.iresolver - INFO - Using resolved pairlist StaticPairList from '/freqtrade/freqtrade/pairlist/StaticPairList.py'...
2020-05-07 15:09:16,692 - freqtrade.rpc.rpc_manager - INFO - Enabling rpc.api_server
2020-05-07 15:09:17,219 - freqtrade.rpc.api_server - INFO - Starting HTTP Server at 0.0.0.0:8080
2020-05-07 15:09:17,220 - freqtrade.rpc.rpc_manager - INFO - Sending rpc message: {'type': status, 'status': 'running'}
2020-05-07 15:09:17,220 - freqtrade.rpc.api_server - WARNING - SECURITY WARNING - Local Rest Server listening to external connections
2020-05-07 15:09:17,221 - freqtrade.worker - INFO - Changing state to: RUNNING
2020-05-07 15:09:17,222 - freqtrade.rpc.api_server - WARNING - SECURITY WARNING - This is insecure please set to your loopback,e.g 127.0.0.1 in config.json
2020-05-07 15:09:17,223 - freqtrade.rpc.rpc_manager - INFO - Sending rpc message: {'type': warning, 'status': 'Dry run is enabled. All trades are simulated.'}
2020-05-07 15:09:17,224 - freqtrade.rpc.api_server - INFO - Starting Local Rest Server.
2020-05-07 15:09:17,227 - freqtrade.rpc.rpc_manager - INFO - Sending rpc message: {'type': custom, 'status': "*Exchange:* `binance`\n*Stake per trade:* `0.16 BTC`\n*Minimum ROI:* `{'0': 0.05}`\n*Stoploss:* `-0.05`\n*Ticker Interval:* `5m`\n*Strategy:* `CombinedBinHAndCluc`"}
2020-05-07 15:09:17,228 - freqtrade.rpc.rpc_manager - INFO - Sending rpc message: {'type': status, 'status': "Searching for BTC pairs to buy and sell based on [{'StaticPairList': 'StaticPairList'}]"}
2020-05-07 15:09:22,235 - freqtrade.worker - INFO - Bot heartbeat. PID=1, version='2020.4', state='RUNNING'
2020-05-07 15:09:26,487 - werkzeug - INFO - 192.168.208.1 - - [07/May/2020 15:09:26] "[37mGET /api/v1/balance HTTP/1.1[0m" 200 -
2020-05-07 15:09:27,092 - werkzeug - INFO - 192.168.208.1 - - [07/May/2020 15:09:27] "[37mGET /api/v1/status HTTP/1.1[0m" 200 -
2020-05-07 15:09:27,511 - werkzeug - INFO - 192.168.208.1 - - [07/May/2020 15:09:27] "[37mGET /api/v1/count HTTP/1.1[0m" 200 -
2020-05-07 15:09:35,777 - werkzeug - INFO - 127.0.0.1 - - [07/May/2020 15:09:35] "[37mGET /api/v1/ping HTTP/1.1[0m" 200 -
